#
# There is insufficient memory for the Java Runtime Environment to continue.
# Native memory allocation (malloc) failed to allocate 1695696 bytes for Chunk::new
# Possible reasons:
#   The system is out of physical RAM or swap space
#   In 32 bit mode, the process size limit was hit
# Possible solutions:
#   Reduce memory load on the system
#   Increase physical memory or swap space
#   Check if swap backing store is full
#   Use 64 bit Java on a 64 bit OS
#   Decrease Java heap size (-Xmx/-Xms)
#   Decrease number of Java threads
#   Decrease Java thread stack sizes (-Xss)
#   Set larger code cache with -XX:ReservedCodeCacheSize=
# This output file may be truncated or incomplete.
#
#  Out of Memory Error (allocation.cpp:390), pid=328, tid=0x000000000000151c
#
# JRE version: OpenJDK Runtime Environment (8.0_152-b01) (build 1.8.0_152-release-915-b01)
# Java VM: OpenJDK 64-Bit Server VM (25.152-b01 mixed mode windows-amd64 compressed oops)
# Failed to write core dump. Minidumps are not enabled by default on client versions of Windows
#

---------------  T H R E A D  ---------------

Current thread (0x00000000159d3800):  JavaThread "C2 CompilerThread0" daemon [_thread_in_native, id=5404, stack(0x0000000016a10000,0x0000000016b10000)]

Stack: [0x0000000016a10000,0x0000000016b10000]
[error occurred during error reporting (printing stack bounds), id 0xc0000005]

Native frames: (J=compiled Java code, j=interpreted, Vv=VM code, C=native code)


Current CompileTask:
C2:6764759 24295   !   4       com.android.dx.cf.code.Ropper::processBlock (1101 bytes)


---------------  P R O C E S S  ---------------

Java Threads: ( => current thread )
  0x000000001e80b000 JavaThread "ForkJoinPool.commonPool-worker-1" daemon [_thread_in_vm, id=9060, stack(0x000000002d740000,0x000000002d840000)]
  0x000000001abaa000 JavaThread "ForkJoinPool.commonPool-worker-0" daemon [_thread_in_Java, id=2856, stack(0x000000002d640000,0x000000002d740000)]
  0x000000001abad800 JavaThread "Cache worker for Java compile cache (C:\Users\C4Q\AndroidStudioProjects\MSTMusic\.gradle\4.1\javaCompile)" [_thread_blocked, id=9028, stack(0x000000002d540000,0x000000002d640000)]
  0x000000001abb3000 JavaThread "Task worker for ':'" [_thread_blocked, id=1168, stack(0x000000002d440000,0x000000002d540000)]
  0x000000001abaa800 JavaThread "Cache worker for task history cache (C:\Users\C4Q\AndroidStudioProjects\MSTMusic\.gradle\4.1\taskHistory)" [_thread_blocked, id=8032, stack(0x000000002d340000,0x000000002d440000)]
  0x000000001abb1800 JavaThread "Cache worker for file content cache (C:\Users\C4Q\AndroidStudioProjects\MSTMusic\.gradle\4.1\fileContent)" [_thread_blocked, id=4056, stack(0x000000002d240000,0x000000002d340000)]
  0x000000001abae800 JavaThread "build operations Thread 2" [_thread_blocked, id=8928, stack(0x000000002d140000,0x000000002d240000)]
  0x000000001aba7000 JavaThread "build operations" [_thread_blocked, id=1836, stack(0x000000002d040000,0x000000002d140000)]
  0x000000001aba6000 JavaThread "Cache worker for Artifact transforms cache (C:\Users\C4Q\.gradle\caches\transforms-1)" [_thread_blocked, id=6508, stack(0x000000002cf40000,0x000000002d040000)]
  0x000000001abad000 JavaThread "Cache worker for file hash cache (C:\Users\C4Q\AndroidStudioProjects\MSTMusic\.gradle\4.1\fileHashes)" [_thread_blocked, id=912, stack(0x000000002ce40000,0x000000002cf40000)]
  0x00000000177e6800 JavaThread "Asynchronous log dispatcher for DefaultDaemonConnection: socket connection from /127.0.0.1:49309 to /127.0.0.1:49679" [_thread_blocked, id=1556, stack(0x000000002cc40000,0x000000002cd40000)]
  0x00000000177e6000 JavaThread "Cancel handler" [_thread_blocked, id=2980, stack(0x000000002cb40000,0x000000002cc40000)]
  0x00000000177ec000 JavaThread "Handler for socket connection from /127.0.0.1:49309 to /127.0.0.1:49679" [_thread_in_native, id=7480, stack(0x000000002ca40000,0x000000002cb40000)]
  0x000000001aba8800 JavaThread "Daemon worker Thread 5" [_thread_blocked, id=2272, stack(0x000000002b140000,0x000000002b240000)]
  0x000000001abac000 JavaThread "Daemon Thread 5" [_thread_blocked, id=4764, stack(0x000000002ae40000,0x000000002af40000)]
  0x00000000177ea800 JavaThread "Java2D Disposer" daemon [_thread_blocked, id=7352, stack(0x0000000023840000,0x0000000023940000)]
  0x00000000177e7800 JavaThread "Memory manager" [_thread_blocked, id=1156, stack(0x000000001de40000,0x000000001df40000)]
  0x0000000018131000 JavaThread "File lock request listener" [_thread_in_native, id=7888, stack(0x0000000019b50000,0x0000000019c50000)]
  0x00000000177fc000 JavaThread "Cache worker for file hash cache (C:\Users\C4Q\.gradle\caches\4.1\fileHashes)" [_thread_blocked, id=3456, stack(0x0000000019a50000,0x0000000019b50000)]
  0x0000000018284800 JavaThread "Daemon periodic checks" [_thread_blocked, id=6668, stack(0x0000000019150000,0x0000000019250000)]
  0x0000000017a9d800 JavaThread "Incoming local TCP Connector on port 49309" [_thread_in_native, id=8120, stack(0x0000000018f20000,0x0000000019020000)]
  0x0000000015a4c800 JavaThread "Service Thread" daemon [_thread_blocked, id=4812, stack(0x0000000016c10000,0x0000000016d10000)]
  0x00000000159d7000 JavaThread "C1 CompilerThread1" daemon [_thread_blocked, id=6688, stack(0x0000000016b10000,0x0000000016c10000)]
=>0x00000000159d3800 JavaThread "C2 CompilerThread0" daemon [_thread_in_native, id=5404, stack(0x0000000016a10000,0x0000000016b10000)]
  0x00000000159d2800 JavaThread "Attach Listener" daemon [_thread_blocked, id=6340, stack(0x0000000016910000,0x0000000016a10000)]
  0x00000000159df800 JavaThread "Signal Dispatcher" daemon [_thread_blocked, id=5800, stack(0x0000000016810000,0x0000000016910000)]
  0x00000000159bf000 JavaThread "Finalizer" daemon [_thread_blocked, id=7608, stack(0x0000000016620000,0x0000000016720000)]
  0x0000000015993800 JavaThread "Reference Handler" daemon [_thread_blocked, id=6228, stack(0x0000000016520000,0x0000000016620000)]
  0x000000000056d800 JavaThread "main" [_thread_blocked, id=7516, stack(0x0000000001fc0000,0x00000000020c0000)]

Other Threads:
  0x000000001598d800 VMThread [stack: 0x0000000016420000,0x0000000016520000] [id=4272]
  0x0000000015a4f000 WatcherThread [stack: 0x0000000016d10000,0x0000000016e10000] [id=3536]

VM state:not at safepoint (normal execution)

VM Mutex/Monitor currently owned by a thread: None

Heap:
 PSYoungGen      total 484864K, used 386603K [0x00000000e0000000, 0x0000000100000000, 0x0000000100000000)
  eden space 451072K, 84% used [0x00000000e0000000,0x00000000f724ec20,0x00000000fb880000)
  from space 33792K, 21% used [0x00000000fb880000,0x00000000fbfbc050,0x00000000fd980000)
  to   space 33280K, 0% used [0x00000000fdf80000,0x00000000fdf80000,0x0000000100000000)
 ParOldGen       total 128000K, used 105912K [0x00000000a0000000, 0x00000000a7d00000, 0x00000000e0000000)
  object space 128000K, 82% used [0x00000000a0000000,0x00000000a676e0d8,0x00000000a7d00000)
 Metaspace       used 126169K, capacity 133918K, committed 134272K, reserved 1165312K
  class space    used 15681K, capacity 17411K, committed 17536K, reserved 1048576K

Card table byte_map: [0x0000000011670000,0x0000000011980000] byte_map_base: 0x0000000011170000

Marking Bits: (ParMarkBitMap*) 0x0000000070d73950
 Begin Bits: [0x0000000011d80000, 0x0000000013580000)
 End Bits:   [0x0000000013580000, 0x0000000014d80000)

Polling page: 0x00000000004f0000

CodeCache: size=245760Kb used=67674Kb max_used=68663Kb free=178085Kb
 bounds [0x00000000022b0000, 0x0000000006660000, 0x00000000112b0000]
 total_blobs=19529 nmethods=18565 adapters=877
 compilation: enabled

Compilation events (10 events):
Event: 6761.847 Thread 0x00000000159d7000 nmethod 24293 0x0000000006588590 code [0x0000000006588780, 0x0000000006589138]
Event: 6761.847 Thread 0x00000000159d7000 24294       3       com.android.dx.cf.code.ByteCatchList::get (9 bytes)
Event: 6761.848 Thread 0x00000000159d7000 nmethod 24294 0x0000000006088dd0 code [0x0000000006088f40, 0x0000000006089228]
Event: 6761.880 Thread 0x00000000159d3800 24295   !   4       com.android.dx.cf.code.Ropper::processBlock (1101 bytes)
Event: 6762.142 Thread 0x00000000159d7000 24296       3       com.android.dx.dex.file.ValueEncoder::addContents (75 bytes)
Event: 6762.144 Thread 0x00000000159d7000 nmethod 24296 0x000000000600ab90 code [0x000000000600ad80, 0x000000000600b918]
Event: 6762.704 Thread 0x00000000159d7000 24298       3       java.util.zip.ZipOutputStream::closeEntry (507 bytes)
Event: 6762.733 Thread 0x00000000159d7000 nmethod 24298 0x00000000060bbdd0 code [0x00000000060bc520, 0x00000000060c1b18]
Event: 6762.757 Thread 0x00000000159d7000 24299       1       com.android.dx.cf.attrib.AttExceptions::getExceptions (5 bytes)
Event: 6762.758 Thread 0x00000000159d7000 nmethod 24299 0x0000000005e63f50 code [0x0000000005e640a0, 0x0000000005e641b0]

GC Heap History (10 events):
Event: 2075.080 GC heap before
{Heap before GC invocations=32 (full 5):
 PSYoungGen      total 345600K, used 26088K [0x00000000e0000000, 0x00000000fc200000, 0x0000000100000000)
  eden space 319488K, 0% used [0x00000000e0000000,0x00000000e0000000,0x00000000f3800000)
  from space 26112K, 99% used [0x00000000f3800000,0x00000000f517a020,0x00000000f5180000)
  to   space 35840K, 0% used [0x00000000f9f00000,0x00000000f9f00000,0x00000000fc200000)
 ParOldGen       total 96256K, used 92377K [0x00000000a0000000, 0x00000000a5e00000, 0x00000000e0000000)
  object space 96256K, 95% used [0x00000000a0000000,0x00000000a5a36590,0x00000000a5e00000)
 Metaspace       used 109678K, capacity 116456K, committed 116736K, reserved 1150976K
  class space    used 14059K, capacity 15532K, committed 15616K, reserved 1048576K
Event: 2110.949 GC heap after
Heap after GC invocations=32 (full 5):
 PSYoungGen      total 345600K, used 0K [0x00000000e0000000, 0x00000000fc200000, 0x0000000100000000)
  eden space 319488K, 0% used [0x00000000e0000000,0x00000000e0000000,0x00000000f3800000)
  from space 26112K, 0% used [0x00000000f3800000,0x00000000f3800000,0x00000000f5180000)
  to   space 35840K, 0% used [0x00000000f9f00000,0x00000000f9f00000,0x00000000fc200000)
 ParOldGen       total 128000K, used 80080K [0x00000000a0000000, 0x00000000a7d00000, 0x00000000e0000000)
  object space 128000K, 62% used [0x00000000a0000000,0x00000000a4e34238,0x00000000a7d00000)
 Metaspace       used 108885K, capacity 115062K, committed 116736K, reserved 1150976K
  class space    used 13909K, capacity 15253K, committed 15616K, reserved 1048576K
}
Event: 3967.089 GC heap before
{Heap before GC invocations=33 (full 5):
 PSYoungGen      total 345600K, used 319488K [0x00000000e0000000, 0x00000000fc200000, 0x0000000100000000)
  eden space 319488K, 100% used [0x00000000e0000000,0x00000000f3800000,0x00000000f3800000)
  from space 26112K, 0% used [0x00000000f3800000,0x00000000f3800000,0x00000000f5180000)
  to   space 35840K, 0% used [0x00000000f9f00000,0x00000000f9f00000,0x00000000fc200000)
 ParOldGen       total 128000K, used 80080K [0x00000000a0000000, 0x00000000a7d00000, 0x00000000e0000000)
  object space 128000K, 62% used [0x00000000a0000000,0x00000000a4e34238,0x00000000a7d00000)
 Metaspace       used 112796K, capacity 119696K, committed 119808K, reserved 1153024K
  class space    used 14272K, capacity 15798K, committed 15872K, reserved 1048576K
Event: 3973.440 GC heap after
Heap after GC invocations=33 (full 5):
 PSYoungGen      total 409600K, used 10401K [0x00000000e0000000, 0x00000000fb900000, 0x0000000100000000)
  eden space 382976K, 0% used [0x00000000e0000000,0x00000000e0000000,0x00000000f7600000)
  from space 26624K, 39% used [0x00000000f9f00000,0x00000000fa928528,0x00000000fb900000)
  to   space 34304K, 0% used [0x00000000f7600000,0x00000000f7600000,0x00000000f9780000)
 ParOldGen       total 128000K, used 80088K [0x00000000a0000000, 0x00000000a7d00000, 0x00000000e0000000)
  object space 128000K, 62% used [0x00000000a0000000,0x00000000a4e36238,0x00000000a7d00000)
 Metaspace       used 112796K, capacity 119696K, committed 119808K, reserved 1153024K
  class space    used 14272K, capacity 15798K, committed 15872K, reserved 1048576K
}
Event: 6483.199 GC heap before
{Heap before GC invocations=34 (full 5):
 PSYoungGen      total 409600K, used 393377K [0x00000000e0000000, 0x00000000fb900000, 0x0000000100000000)
  eden space 382976K, 100% used [0x00000000e0000000,0x00000000f7600000,0x00000000f7600000)
  from space 26624K, 39% used [0x00000000f9f00000,0x00000000fa928528,0x00000000fb900000)
  to   space 34304K, 0% used [0x00000000f7600000,0x00000000f7600000,0x00000000f9780000)
 ParOldGen       total 128000K, used 80088K [0x00000000a0000000, 0x00000000a7d00000, 0x00000000e0000000)
  object space 128000K, 62% used [0x00000000a0000000,0x00000000a4e36238,0x00000000a7d00000)
 Metaspace       used 120660K, capacity 128126K, committed 128256K, reserved 1161216K
  class space    used 15219K, capacity 16855K, committed 16896K, reserved 1048576K
Event: 6493.593 GC heap after
Heap after GC invocations=34 (full 5):
 PSYoungGen      total 417280K, used 11467K [0x00000000e0000000, 0x00000000ff980000, 0x0000000100000000)
  eden space 382976K, 0% used [0x00000000e0000000,0x00000000e0000000,0x00000000f7600000)
  from space 34304K, 33% used [0x00000000f7600000,0x00000000f8132d48,0x00000000f9780000)
  to   space 32768K, 0% used [0x00000000fd980000,0x00000000fd980000,0x00000000ff980000)
 ParOldGen       total 128000K, used 83414K [0x00000000a0000000, 0x00000000a7d00000, 0x00000000e0000000)
  object space 128000K, 65% used [0x00000000a0000000,0x00000000a5175be0,0x00000000a7d00000)
 Metaspace       used 120660K, capacity 128126K, committed 128256K, reserved 1161216K
  class space    used 15219K, capacity 16855K, committed 16896K, reserved 1048576K
}
Event: 6611.004 GC heap before
{Heap before GC invocations=35 (full 5):
 PSYoungGen      total 417280K, used 394443K [0x00000000e0000000, 0x00000000ff980000, 0x0000000100000000)
  eden space 382976K, 100% used [0x00000000e0000000,0x00000000f7600000,0x00000000f7600000)
  from space 34304K, 33% used [0x00000000f7600000,0x00000000f8132d48,0x00000000f9780000)
  to   space 32768K, 0% used [0x00000000fd980000,0x00000000fd980000,0x00000000ff980000)
 ParOldGen       total 128000K, used 83414K [0x00000000a0000000, 0x00000000a7d00000, 0x00000000e0000000)
  object space 128000K, 65% used [0x00000000a0000000,0x00000000a5175be0,0x00000000a7d00000)
 Metaspace       used 125907K, capacity 133718K, committed 134016K, reserved 1165312K
  class space    used 15678K, capacity 17411K, committed 17536K, reserved 1048576K
Event: 6618.693 GC heap after
Heap after GC invocations=35 (full 5):
 PSYoungGen      total 483840K, used 21720K [0x00000000e0000000, 0x0000000100000000, 0x0000000100000000)
  eden space 451072K, 0% used [0x00000000e0000000,0x00000000e0000000,0x00000000fb880000)
  from space 32768K, 66% used [0x00000000fd980000,0x00000000feeb6100,0x00000000ff980000)
  to   space 33792K, 0% used [0x00000000fb880000,0x00000000fb880000,0x00000000fd980000)
 ParOldGen       total 128000K, used 91499K [0x00000000a0000000, 0x00000000a7d00000, 0x00000000e0000000)
  object space 128000K, 71% used [0x00000000a0000000,0x00000000a595ae60,0x00000000a7d00000)
 Metaspace       used 125907K, capacity 133718K, committed 134016K, reserved 1165312K
  class space    used 15678K, capacity 17411K, committed 17536K, reserved 1048576K
}
Event: 6705.282 GC heap before
{Heap before GC invocations=36 (full 5):
 PSYoungGen      total 483840K, used 472792K [0x00000000e0000000, 0x0000000100000000, 0x0000000100000000)
  eden space 451072K, 100% used [0x00000000e0000000,0x00000000fb880000,0x00000000fb880000)
  from space 32768K, 66% used [0x00000000fd980000,0x00000000feeb6100,0x00000000ff980000)
  to   space 33792K, 0% used [0x00000000fb880000,0x00000000fb880000,0x00000000fd980000)
 ParOldGen       total 128000K, used 91499K [0x00000000a0000000, 0x00000000a7d00000, 0x00000000e0000000)
  object space 128000K, 71% used [0x00000000a0000000,0x00000000a595ae60,0x00000000a7d00000)
 Metaspace       used 126139K, capacity 133918K, committed 134272K, reserved 1165312K
  class space    used 15679K, capacity 17411K, committed 17536K, reserved 1048576K
Event: 6710.596 GC heap after
Heap after GC invocations=36 (full 5):
 PSYoungGen      total 484864K, used 7408K [0x00000000e0000000, 0x0000000100000000, 0x0000000100000000)
  eden space 451072K, 0% used [0x00000000e0000000,0x00000000e0000000,0x00000000fb880000)
  from space 33792K, 21% used [0x00000000fb880000,0x00000000fbfbc050,0x00000000fd980000)
  to   space 33280K, 0% used [0x00000000fdf80000,0x00000000fdf80000,0x0000000100000000)
 ParOldGen       total 128000K, used 105912K [0x00000000a0000000, 0x00000000a7d00000, 0x00000000e0000000)
  object space 128000K, 82% used [0x00000000a0000000,0x00000000a676e0d8,0x00000000a7d00000)
 Metaspace       used 126139K, capacity 133918K, committed 134272K, reserved 1165312K
  class space    used 15679K, capacity 17411K, committed 17536K, reserved 1048576K
}

Deoptimization events (10 events):
Event: 6760.639 Thread 0x000000001e80b000 Uncommon trap: reason=speculate_class_check action=maybe_recompile pc=0x0000000005fad42c method=java.nio.charset.CharsetDecoder.decode(Ljava/nio/ByteBuffer;Ljava/nio/CharBuffer;Z)Ljava/nio/charset/CoderResult; @ 57
Event: 6760.733 Thread 0x000000001e80b000 Uncommon trap: reason=unstable_if action=reinterpret pc=0x000000000630a46c method=com.android.dx.cf.direct.StdAttributeFactory.parse0(Lcom/android/dx/cf/direct/DirectClassFile;ILjava/lang/String;IILcom/android/dx/cf/iface/ParseObserver;)Lcom/android/dx/cf
Event: 6761.034 Thread 0x000000001abaa000 Uncommon trap: reason=unstable_if action=reinterpret pc=0x0000000005faed68 method=com.android.dx.dex.file.ValueEncoder.addContents(Lcom/android/dx/dex/file/DexFile;Lcom/android/dx/rop/cst/Constant;)V @ 4
Event: 6761.034 Thread 0x000000001e80b000 Uncommon trap: reason=unstable_if action=reinterpret pc=0x00000000062ff118 method=com.android.dx.dex.file.ValueEncoder.addContents(Lcom/android/dx/dex/file/DexFile;Lcom/android/dx/rop/cst/Constant;)V @ 4
Event: 6761.035 Thread 0x000000001e80b000 Uncommon trap: reason=unstable_if action=reinterpret pc=0x0000000005f9f3ac method=com.android.dx.dex.file.ValueEncoder.constantToValueType(Lcom/android/dx/rop/cst/Constant;)I @ 150
Event: 6761.703 Thread 0x000000001e80b000 Uncommon trap: reason=unstable_if action=reinterpret pc=0x00000000065ae834 method=com.android.dx.cf.code.Ropper.isSynchronized()Z @ 12
Event: 6761.717 Thread 0x000000001e80b000 Uncommon trap: reason=class_check action=maybe_recompile pc=0x00000000064a32f8 method=com.android.dx.cf.code.Ropper.processBlock(Lcom/android/dx/cf/code/ByteBlock;Lcom/android/dx/cf/code/Frame;[I)V @ 711
Event: 6761.727 Thread 0x000000001e80b000 Uncommon trap: reason=class_check action=maybe_recompile pc=0x00000000064a32f8 method=com.android.dx.cf.code.Ropper.processBlock(Lcom/android/dx/cf/code/ByteBlock;Lcom/android/dx/cf/code/Frame;[I)V @ 711
Event: 6761.728 Thread 0x000000001e80b000 Uncommon trap: reason=class_check action=maybe_recompile pc=0x00000000064a32f8 method=com.android.dx.cf.code.Ropper.processBlock(Lcom/android/dx/cf/code/ByteBlock;Lcom/android/dx/cf/code/Frame;[I)V @ 711
Event: 6761.738 Thread 0x000000001e80b000 Uncommon trap: reason=class_check action=maybe_recompile pc=0x00000000064a32f8 method=com.android.dx.cf.code.Ropper.processBlock(Lcom/android/dx/cf/code/ByteBlock;Lcom/android/dx/cf/code/Frame;[I)V @ 711

Classes redefined (0 events):
No events

Internal exceptions (10 events):
Event: 6736.508 Thread 0x000000001abaa000 Exception <a 'sun/nio/fs/WindowsException'> (0x00000000e78802a0) thrown at [D:\src\AOSP-openjdk-cygwin\jdk8u\hotspot\src\share\vm\prims\jni.cpp, line 709]
Event: 6738.256 Thread 0x000000001e80b000 Exception <a 'sun/nio/fs/WindowsException'> (0x00000000e8d07560) thrown at [D:\src\AOSP-openjdk-cygwin\jdk8u\hotspot\src\share\vm\prims\jni.cpp, line 709]
Event: 6739.501 Thread 0x000000001abaa000 Exception <a 'sun/nio/fs/WindowsException'> (0x00000000ea3c2708) thrown at [D:\src\AOSP-openjdk-cygwin\jdk8u\hotspot\src\share\vm\prims\jni.cpp, line 709]
Event: 6747.972 Thread 0x000000001abaa000 Exception <a 'sun/nio/fs/WindowsException'> (0x00000000f116d580) thrown at [D:\src\AOSP-openjdk-cygwin\jdk8u\hotspot\src\share\vm\prims\jni.cpp, line 709]
Event: 6752.791 Thread 0x000000001e80b000 Exception <a 'sun/nio/fs/WindowsException'> (0x00000000f4ea1690) thrown at [D:\src\AOSP-openjdk-cygwin\jdk8u\hotspot\src\share\vm\prims\jni.cpp, line 709]
Event: 6760.177 Thread 0x000000001abaa000 Exception <a 'sun/nio/fs/WindowsException'> (0x00000000f59e24c0) thrown at [D:\src\AOSP-openjdk-cygwin\jdk8u\hotspot\src\share\vm\prims\jni.cpp, line 709]
Event: 6760.274 Thread 0x000000001e80b000 Exception <a 'sun/nio/fs/WindowsException'> (0x00000000f6926da0) thrown at [D:\src\AOSP-openjdk-cygwin\jdk8u\hotspot\src\share\vm\prims\jni.cpp, line 709]
Event: 6760.559 Thread 0x000000001abaa000 Exception <a 'sun/nio/fs/WindowsException'> (0x00000000f5af29b0) thrown at [D:\src\AOSP-openjdk-cygwin\jdk8u\hotspot\src\share\vm\prims\jni.cpp, line 709]
Event: 6760.699 Thread 0x000000001e80b000 Exception <a 'sun/nio/fs/WindowsException'> (0x00000000f6aa22e8) thrown at [D:\src\AOSP-openjdk-cygwin\jdk8u\hotspot\src\share\vm\prims\jni.cpp, line 709]
Event: 6760.853 Thread 0x000000001abaa000 Exception <a 'sun/nio/fs/WindowsException'> (0x00000000f6c9d508) thrown at [D:\src\AOSP-openjdk-cygwin\jdk8u\hotspot\src\share\vm\prims\jni.cpp, line 709]

Events (10 events):
Event: 6761.813 Thread 0x00000000159d7000 flushing nmethod 0x0000000006046e50
Event: 6761.814 Thread 0x00000000159d7000 flushing nmethod 0x000000000606c310
Event: 6761.816 Thread 0x00000000159d7000 flushing nmethod 0x00000000060bb490
Event: 6761.816 Thread 0x00000000159d7000 flushing nmethod 0x00000000060e4110
Event: 6761.820 Thread 0x00000000159d7000 flushing nmethod 0x00000000060ee650
Event: 6761.822 Thread 0x00000000159d7000 flushing nmethod 0x000000000614c250
Event: 6761.824 Thread 0x00000000159d7000 flushing nmethod 0x000000000615a0d0
Event: 6761.831 Thread 0x00000000159d7000 flushing nmethod 0x00000000062735d0
Event: 6761.842 Thread 0x00000000159d7000 flushing nmethod 0x0000000006626490
Event: 6762.735 Thread 0x00000000159d7000 flushing nmethod 0x0000000002578510


Dynamic libraries:
0x00007ff691bf0000 - 0x00007ff691c21000 	C:\Program Files\Android\Android Studio\jre\bin\java.exe
0x00007ff8cffb0000 - 0x00007ff8d0181000 	C:\Windows\SYSTEM32\ntdll.dll
0x00007ff8ce080000 - 0x00007ff8ce12b000 	C:\Windows\System32\KERNEL32.DLL
0x00007ff8cd0a0000 - 0x00007ff8cd2bd000 	C:\Windows\System32\KERNELBASE.dll
0x00007ff8ce9b0000 - 0x00007ff8cea52000 	C:\Windows\System32\ADVAPI32.dll
0x00007ff8ce130000 - 0x00007ff8ce1ce000 	C:\Windows\System32\msvcrt.dll
0x00007ff8cd9c0000 - 0x00007ff8cda19000 	C:\Windows\System32\sechost.dll
0x00007ff8ce1d0000 - 0x00007ff8ce2f1000 	C:\Windows\System32\RPCRT4.dll
0x00007ff8cda80000 - 0x00007ff8cdbe5000 	C:\Windows\System32\USER32.dll
0x00007ff8cc5a0000 - 0x00007ff8cc5be000 	C:\Windows\System32\win32u.dll
0x00007ff8ce740000 - 0x00007ff8ce774000 	C:\Windows\System32\GDI32.dll
0x00007ff8cce70000 - 0x00007ff8ccff2000 	C:\Windows\System32\gdi32full.dll
0x00007ff8bce80000 - 0x00007ff8bd0fa000 	C:\Windows\WinSxS\amd64_microsoft.windows.common-controls_6595b64144ccf1df_6.0.14393.351_none_4213128bc687e6d3\COMCTL32.dll
0x00007ff8cd6f0000 - 0x00007ff8cd9b7000 	C:\Windows\System32\combase.dll
0x00007ff8cd440000 - 0x00007ff8cd535000 	C:\Windows\System32\ucrtbase.dll
0x00007ff8cd370000 - 0x00007ff8cd3da000 	C:\Windows\System32\bcryptPrimitives.dll
0x00007ff8cff70000 - 0x00007ff8cff9e000 	C:\Windows\System32\IMM32.DLL
0x00000000703f0000 - 0x00000000704c2000 	C:\Program Files\Android\Android Studio\jre\jre\bin\msvcr100.dll
0x00000000705b0000 - 0x0000000070dee000 	C:\Program Files\Android\Android Studio\jre\jre\bin\server\jvm.dll
0x00007ff8ce880000 - 0x00007ff8ce888000 	C:\Windows\System32\PSAPI.DLL
0x00007ff8ca8d0000 - 0x00007ff8ca8f3000 	C:\Windows\SYSTEM32\WINMM.dll
0x00007ff8c96a0000 - 0x00007ff8c96a9000 	C:\Windows\SYSTEM32\WSOCK32.dll
0x00007ff8ce300000 - 0x00007ff8ce36a000 	C:\Windows\System32\WS2_32.dll
0x00007ff8bd6e0000 - 0x00007ff8bd6ea000 	C:\Windows\SYSTEM32\VERSION.dll
0x00007ff8ca870000 - 0x00007ff8ca89b000 	C:\Windows\SYSTEM32\WINMMBASE.dll
0x00007ff8cc550000 - 0x00007ff8cc592000 	C:\Windows\System32\cfgmgr32.dll
0x00007ff8c7410000 - 0x00007ff8c741f000 	C:\Program Files\Android\Android Studio\jre\jre\bin\verify.dll
0x00007ff8c7240000 - 0x00007ff8c7269000 	C:\Program Files\Android\Android Studio\jre\jre\bin\java.dll
0x00007ff8c73f0000 - 0x00007ff8c7406000 	C:\Program Files\Android\Android Studio\jre\jre\bin\zip.dll
0x00007ff8cea60000 - 0x00007ff8cff69000 	C:\Windows\System32\SHELL32.dll
0x00007ff8cc790000 - 0x00007ff8cce6a000 	C:\Windows\System32\windows.storage.dll
0x00007ff8cc440000 - 0x00007ff8cc48c000 	C:\Windows\System32\powrprof.dll
0x00007ff8ce950000 - 0x00007ff8ce9a2000 	C:\Windows\System32\shlwapi.dll
0x00007ff8cc430000 - 0x00007ff8cc43f000 	C:\Windows\System32\kernel.appcore.dll
0x00007ff8cc4a0000 - 0x00007ff8cc549000 	C:\Windows\System32\shcore.dll
0x00007ff8cc410000 - 0x00007ff8cc424000 	C:\Windows\System32\profapi.dll
0x00007ff8c73b0000 - 0x00007ff8c73ca000 	C:\Program Files\Android\Android Studio\jre\jre\bin\net.dll
0x00007ff8cbbe0000 - 0x00007ff8cbc3c000 	C:\Windows\system32\mswsock.dll
0x00007ff8c6b10000 - 0x00007ff8c6b21000 	C:\Program Files\Android\Android Studio\jre\jre\bin\nio.dll
0x00007ff8c07d0000 - 0x00007ff8c07ee000 	C:\Users\C4Q\.gradle\native\25\windows-amd64\native-platform.dll
0x00007ff8c7230000 - 0x00007ff8c723d000 	C:\Program Files\Android\Android Studio\jre\jre\bin\management.dll
0x00007ff8cbe80000 - 0x00007ff8cbe97000 	C:\Windows\SYSTEM32\CRYPTSP.dll
0x00007ff8cbd60000 - 0x00007ff8cbd93000 	C:\Windows\system32\rsaenh.dll
0x00007ff8cc350000 - 0x00007ff8cc37b000 	C:\Windows\SYSTEM32\bcrypt.dll
0x00007ff8cba60000 - 0x00007ff8cba7f000 	C:\Windows\SYSTEM32\USERENV.dll
0x00007ff8cbea0000 - 0x00007ff8cbeab000 	C:\Windows\SYSTEM32\CRYPTBASE.dll
0x00007ff8cb970000 - 0x00007ff8cb9a8000 	C:\Windows\SYSTEM32\IPHLPAPI.DLL
0x00007ff8cffa0000 - 0x00007ff8cffa8000 	C:\Windows\System32\NSI.dll
0x00007ff8c74e0000 - 0x00007ff8c74f6000 	C:\Windows\SYSTEM32\dhcpcsvc6.DLL
0x00007ff8c63c0000 - 0x00007ff8c63da000 	C:\Windows\SYSTEM32\dhcpcsvc.DLL
0x00007ff8c0b50000 - 0x00007ff8c0b74000 	C:\Program Files\Android\Android Studio\jre\jre\bin\sunec.dll
0x00007ff8cb9b0000 - 0x00007ff8cba50000 	C:\Windows\SYSTEM32\DNSAPI.dll
0x00007ff8bf090000 - 0x00007ff8bf09a000 	C:\Windows\System32\rasadhlp.dll
0x00007ff8c33e0000 - 0x00007ff8c344a000 	C:\Windows\System32\fwpuclnt.dll
0x00007ff8c1240000 - 0x00007ff8c124b000 	C:\Program Files\Android\Android Studio\jre\jre\bin\sunmscapi.dll
0x00007ff8cc5c0000 - 0x00007ff8cc789000 	C:\Windows\System32\CRYPT32.dll
0x00007ff8cc490000 - 0x00007ff8cc4a0000 	C:\Windows\System32\MSASN1.dll
0x00007ff8bc270000 - 0x00007ff8bc405000 	C:\Program Files\Android\Android Studio\jre\jre\bin\awt.dll
0x00007ff8ce4d0000 - 0x00007ff8ce58f000 	C:\Windows\System32\OLEAUT32.dll
0x00007ff8cd000000 - 0x00007ff8cd09c000 	C:\Windows\System32\msvcp_win.dll
0x00007ff8c4c90000 - 0x00007ff8c51ef000 	C:\Windows\SYSTEM32\d2d1.dll
0x00007ff8ca9c0000 - 0x00007ff8caa3a000 	C:\Windows\SYSTEM32\apphelp.dll
0x00007ff8ca0d0000 - 0x00007ff8ca0f6000 	C:\Windows\system32\DWMAPI.DLL
0x00007ff8caba0000 - 0x00007ff8cac35000 	C:\Windows\system32\uxtheme.dll
0x00007ff8cb7c0000 - 0x00007ff8cb7f2000 	C:\Windows\SYSTEM32\ntmarta.dll

VM Arguments:
jvm_args: -Xmx1536m -Dfile.encoding=windows-1252 -Duser.country=US -Duser.language=en -Duser.variant 
java_command: org.gradle.launcher.daemon.bootstrap.GradleDaemon 4.1
java_class_path (initial): C:\Users\C4Q\.gradle\wrapper\dists\gradle-4.1-all\bzyivzo6n839fup2jbap0tjew\gradle-4.1\lib\gradle-launcher-4.1.jar
Launcher Type: SUN_STANDARD

Environment Variables:
PATH=C:\Program Files (x86)\Intel\TXE Components\TCS\;C:\Program Files\Intel\TXE Components\TCS\;C:\Windows\system32;C:\Windows;C:\Windows\System32\Wbem;C:\Windows\System32\WindowsPowerShell\v1.0\;C:\Program Files\Intel\TXE Components\DAL\;C:\Program Files (x86)\Intel\TXE Components\DAL\;C:\Program Files\Intel\TXE Components\IPT\;C:\Program Files (x86)\Intel\TXE Components\IPT\;C:\Program Files\Git\cmd;C:\Users\C4Q\AppData\Local\Microsoft\WindowsApps;
USERNAME=C4Q
OS=Windows_NT
PROCESSOR_IDENTIFIER=Intel64 Family 6 Model 76 Stepping 4, GenuineIntel



---------------  S Y S T E M  ---------------

OS: Windows 10.0 , 64 bit Build 14393 (10.0.14393.0)

CPU:total 2 (initial active 2) (2 cores per cpu, 1 threads per core) family 6 model 76 stepping 4, cmov, cx8, fxsr, mmx, sse, sse2, sse3, ssse3, sse4.1, sse4.2, popcnt, aes, clmul, erms, 3dnowpref, tsc, tscinvbit

Memory: 4k page, physical 1946668k(158500k free), swap 4707868k(6220k free)

vm_info: OpenJDK 64-Bit Server VM (25.152-b01) for windows-amd64 JRE (1.8.0_152-release-915-b01), built by "builder" with MS VC++ 10.0 (VS2010)

time: Sat Jan 20 19:59:25 2018
elapsed time: 6762 seconds (0d 1h 52m 42s)

